0 verbose cli /Users/wangwen/.nvm/versions/node/v22.21.1/bin/node /Users/wangwen/.nvm/versions/node/v22.21.1/bin/npm
1 info using npm@10.9.4
2 info using node@v22.21.1
3 silly config load:file:/Users/wangwen/.nvm/versions/node/v22.21.1/lib/node_modules/npm/npmrc
4 silly config load:file:/Users/wangwen/WebstormProjects/eliet-aeis/.npmrc
5 silly config load:file:/Users/wangwen/.npmrc
6 silly config load:file:/Users/wangwen/.nvm/versions/node/v22.21.1/etc/npmrc
7 verbose title npm install
8 verbose argv "install"
9 verbose logfile logs-max:10 dir:/Users/wangwen/WebstormProjects/eliet-aeis/.npm-cache/_logs/2025-11-14T00_37_46_526Z-
10 verbose logfile /Users/wangwen/WebstormProjects/eliet-aeis/.npm-cache/_logs/2025-11-14T00_37_46_526Z-debug-0.log
11 silly logfile done cleaning log files
12 silly packumentCache heap:4345298944 maxSize:1086324736 maxEntrySize:543162368
13 silly idealTree buildDeps
14 silly reify moves {}
15 silly audit bulk request {
15 silly audit   '@ant-design/colors': [ '6.0.0' ],
15 silly audit   '@ant-design/icons-svg': [ '4.4.2' ],
15 silly audit   '@ant-design/icons-vue': [ '7.0.1' ],
15 silly audit   '@babel/helper-string-parser': [ '7.27.1' ],
15 silly audit   '@babel/helper-validator-identifier': [ '7.28.5' ],
15 silly audit   '@babel/parser': [ '7.28.5' ],
15 silly audit   '@babel/runtime': [ '7.28.4' ],
15 silly audit   '@babel/types': [ '7.28.5' ],
15 silly audit   '@ctrl/tinycolor': [ '3.6.1' ],
15 silly audit   '@emotion/hash': [ '0.9.2' ],
15 silly audit   '@emotion/unitless': [ '0.8.1' ],
15 silly audit   '@esbuild/android-arm': [ '0.18.20' ],
15 silly audit   '@esbuild/android-arm64': [ '0.18.20' ],
15 silly audit   '@esbuild/android-x64': [ '0.18.20' ],
15 silly audit   '@esbuild/darwin-arm64': [ '0.18.20' ],
15 silly audit   '@esbuild/darwin-x64': [ '0.18.20' ],
15 silly audit   '@esbuild/freebsd-arm64': [ '0.18.20' ],
15 silly audit   '@esbuild/freebsd-x64': [ '0.18.20' ],
15 silly audit   '@esbuild/linux-arm': [ '0.18.20' ],
15 silly audit   '@esbuild/linux-arm64': [ '0.18.20' ],
15 silly audit   '@esbuild/linux-ia32': [ '0.18.20' ],
15 silly audit   '@esbuild/linux-loong64': [ '0.18.20' ],
15 silly audit   '@esbuild/linux-mips64el': [ '0.18.20' ],
15 silly audit   '@esbuild/linux-ppc64': [ '0.18.20' ],
15 silly audit   '@esbuild/linux-riscv64': [ '0.18.20' ],
15 silly audit   '@esbuild/linux-s390x': [ '0.18.20' ],
15 silly audit   '@esbuild/linux-x64': [ '0.18.20' ],
15 silly audit   '@esbuild/netbsd-x64': [ '0.18.20' ],
15 silly audit   '@esbuild/openbsd-x64': [ '0.18.20' ],
15 silly audit   '@esbuild/sunos-x64': [ '0.18.20' ],
15 silly audit   '@esbuild/win32-arm64': [ '0.18.20' ],
15 silly audit   '@esbuild/win32-ia32': [ '0.18.20' ],
15 silly audit   '@esbuild/win32-x64': [ '0.18.20' ],
15 silly audit   '@jridgewell/sourcemap-codec': [ '1.5.5' ],
15 silly audit   '@primeuix/styled': [ '0.7.4' ],
15 silly audit   '@primeuix/styles': [ '1.2.5' ],
15 silly audit   '@primeuix/themes': [ '1.2.5' ],
15 silly audit   '@primeuix/utils': [ '0.6.2' ],
15 silly audit   '@primevue/core': [ '4.4.1' ],
15 silly audit   '@primevue/icons': [ '4.4.1' ],
15 silly audit   '@primevue/themes': [ '4.4.1' ],
15 silly audit   '@simonwep/pickr': [ '1.8.2' ],
15 silly audit   '@types/raf': [ '3.4.3' ],
15 silly audit   '@vitejs/plugin-vue': [ '4.6.2' ],
15 silly audit   '@vue/compiler-core': [ '3.5.24' ],
15 silly audit   '@vue/compiler-dom': [ '3.5.24' ],
15 silly audit   '@vue/compiler-sfc': [ '3.5.24' ],
15 silly audit   '@vue/compiler-ssr': [ '3.5.24' ],
15 silly audit   '@vue/devtools-api': [ '6.6.4' ],
15 silly audit   '@vue/reactivity': [ '3.5.24' ],
15 silly audit   '@vue/runtime-core': [ '3.5.24' ],
15 silly audit   '@vue/runtime-dom': [ '3.5.24' ],
15 silly audit   '@vue/server-renderer': [ '3.5.24' ],
15 silly audit   '@vue/shared': [ '3.5.24' ],
15 silly audit   'ant-design-vue': [ '4.2.6' ],
15 silly audit   'array-tree-filter': [ '2.1.0' ],
15 silly audit   'async-validator': [ '4.2.5' ],
15 silly audit   asynckit: [ '0.4.0' ],
15 silly audit   atob: [ '2.1.2' ],
15 silly audit   axios: [ '1.13.2' ],
15 silly audit   'base64-arraybuffer': [ '1.0.2' ],
15 silly audit   btoa: [ '1.2.1' ],
15 silly audit   'call-bind-apply-helpers': [ '1.0.2' ],
15 silly audit   canvg: [ '3.0.11' ],
15 silly audit   'combined-stream': [ '1.0.8' ],
15 silly audit   'compute-scroll-into-view': [ '1.0.20' ],
15 silly audit   'core-js': [ '3.46.0' ],
15 silly audit   'css-line-break': [ '2.1.0' ],
15 silly audit   csstype: [ '3.1.3' ],
15 silly audit   dayjs: [ '1.11.19' ],
15 silly audit   'delayed-stream': [ '1.0.0' ],
15 silly audit   'dom-align': [ '1.12.4' ],
15 silly audit   'dom-scroll-into-view': [ '2.0.1' ],
15 silly audit   dompurify: [ '2.5.8' ],
15 silly audit   'dunder-proto': [ '1.0.1' ],
15 silly audit   entities: [ '4.5.0' ],
15 silly audit   'es-define-property': [ '1.0.1' ],
15 silly audit   'es-errors': [ '1.3.0' ],
15 silly audit   'es-object-atoms': [ '1.1.1' ],
15 silly audit   'es-set-tostringtag': [ '2.1.0' ],
15 silly audit   esbuild: [ '0.18.20' ],
15 silly audit   'estree-walker': [ '2.0.2' ],
15 silly audit   fflate: [ '0.8.2' ],
15 silly audit   'follow-redirects': [ '1.15.11' ],
15 silly audit   'form-data': [ '4.0.4' ],
15 silly audit   fsevents: [ '2.3.3' ],
15 silly audit   'function-bind': [ '1.1.2' ],
15 silly audit   'get-intrinsic': [ '1.3.0' ],
15 silly audit   'get-proto': [ '1.0.1' ],
15 silly audit   gopd: [ '1.2.0' ],
15 silly audit   'has-symbols': [ '1.1.0' ],
15 silly audit   'has-tostringtag': [ '1.0.2' ],
15 silly audit   hasown: [ '2.0.2' ],
15 silly audit   html2canvas: [ '1.4.1' ],
15 silly audit   'is-plain-object': [ '3.0.1' ],
15 silly audit   'js-tokens': [ '4.0.0' ],
15 silly audit   jspdf: [ '2.5.2' ],
15 silly audit   lodash: [ '4.17.21' ],
15 silly audit   'lodash-es': [ '4.17.21' ],
15 silly audit   'loose-envify': [ '1.4.0' ],
15 silly audit   'magic-string': [ '0.30.21' ],
15 silly audit   'math-intrinsics': [ '1.1.0' ],
15 silly audit   'mime-db': [ '1.52.0' ],
15 silly audit   'mime-types': [ '2.1.35' ],
15 silly audit   nanoid: [ '3.3.11' ],
15 silly audit   nanopop: [ '2.4.2' ],
15 silly audit   'performance-now': [ '2.1.0' ],
15 silly audit   picocolors: [ '1.1.1' ],
15 silly audit   postcss: [ '8.5.6' ],
15 silly audit   primeflex: [ '3.3.1' ],
15 silly audit   primeicons: [ '7.0.0' ],
15 silly audit   primevue: [ '4.4.1' ],
15 silly audit   'proxy-from-env': [ '1.1.0' ],
15 silly audit   raf: [ '3.4.1' ],
15 silly audit   'regenerator-runtime': [ '0.13.11' ],
15 silly audit   'resize-observer-polyfill': [ '1.5.1' ],
15 silly audit   rgbcolor: [ '1.0.1' ],
15 silly audit   rollup: [ '3.29.5' ],
15 silly audit   'scroll-into-view-if-needed': [ '2.2.31' ],
15 silly audit   'shallow-equal': [ '1.2.1' ],
15 silly audit   sortablejs: [ '1.15.6' ],
15 silly audit   'source-map-js': [ '1.2.1' ],
15 silly audit   'stackblur-canvas': [ '2.7.0' ],
15 silly audit   stylis: [ '4.3.6' ],
15 silly audit   'svg-pathdata': [ '6.0.3' ],
15 silly audit   'text-segmentation': [ '1.0.3' ],
15 silly audit   'throttle-debounce': [ '5.0.2' ],
15 silly audit   utrie: [ '1.0.2' ],
15 silly audit   vite: [ '4.5.14' ],
15 silly audit   vue: [ '3.5.24' ],
15 silly audit   'vue-router': [ '4.6.3' ],
15 silly audit   'vue-types': [ '3.0.2' ],
15 silly audit   warning: [ '4.0.3' ]
15 silly audit }
16 verbose reify failed optional dependency /Users/wangwen/WebstormProjects/eliet-aeis/node_modules/@esbuild/win32-x64
17 silly reify mark deleted [
17 silly reify   '/Users/wangwen/WebstormProjects/eliet-aeis/node_modules/@esbuild/win32-x64'
17 silly reify ]
18 verbose reify failed optional dependency /Users/wangwen/WebstormProjects/eliet-aeis/node_modules/@esbuild/win32-ia32
19 silly reify mark deleted [
19 silly reify   '/Users/wangwen/WebstormProjects/eliet-aeis/node_modules/@esbuild/win32-ia32'
19 silly reify ]
20 verbose reify failed optional dependency /Users/wangwen/WebstormProjects/eliet-aeis/node_modules/@esbuild/win32-arm64
21 silly reify mark deleted [
21 silly reify   '/Users/wangwen/WebstormProjects/eliet-aeis/node_modules/@esbuild/win32-arm64'
21 silly reify ]
22 verbose reify failed optional dependency /Users/wangwen/WebstormProjects/eliet-aeis/node_modules/@esbuild/sunos-x64
23 silly reify mark deleted [
23 silly reify   '/Users/wangwen/WebstormProjects/eliet-aeis/node_modules/@esbuild/sunos-x64'
23 silly reify ]
24 verbose reify failed optional dependency /Users/wangwen/WebstormProjects/eliet-aeis/node_modules/@esbuild/openbsd-x64
25 silly reify mark deleted [
25 silly reify   '/Users/wangwen/WebstormProjects/eliet-aeis/node_modules/@esbuild/openbsd-x64'
25 silly reify ]
26 verbose reify failed optional dependency /Users/wangwen/WebstormProjects/eliet-aeis/node_modules/@esbuild/netbsd-x64
27 silly reify mark deleted [
27 silly reify   '/Users/wangwen/WebstormProjects/eliet-aeis/node_modules/@esbuild/netbsd-x64'
27 silly reify ]
28 verbose reify failed optional dependency /Users/wangwen/WebstormProjects/eliet-aeis/node_modules/@esbuild/linux-x64
29 silly reify mark deleted [
29 silly reify   '/Users/wangwen/WebstormProjects/eliet-aeis/node_modules/@esbuild/linux-x64'
29 silly reify ]
30 verbose reify failed optional dependency /Users/wangwen/WebstormProjects/eliet-aeis/node_modules/@esbuild/linux-s390x
31 silly reify mark deleted [
31 silly reify   '/Users/wangwen/WebstormProjects/eliet-aeis/node_modules/@esbuild/linux-s390x'
31 silly reify ]
32 verbose reify failed optional dependency /Users/wangwen/WebstormProjects/eliet-aeis/node_modules/@esbuild/linux-riscv64
33 silly reify mark deleted [
33 silly reify   '/Users/wangwen/WebstormProjects/eliet-aeis/node_modules/@esbuild/linux-riscv64'
33 silly reify ]
34 verbose reify failed optional dependency /Users/wangwen/WebstormProjects/eliet-aeis/node_modules/@esbuild/linux-ppc64
35 silly reify mark deleted [
35 silly reify   '/Users/wangwen/WebstormProjects/eliet-aeis/node_modules/@esbuild/linux-ppc64'
35 silly reify ]
36 verbose reify failed optional dependency /Users/wangwen/WebstormProjects/eliet-aeis/node_modules/@esbuild/linux-mips64el
37 silly reify mark deleted [
37 silly reify   '/Users/wangwen/WebstormProjects/eliet-aeis/node_modules/@esbuild/linux-mips64el'
37 silly reify ]
38 verbose reify failed optional dependency /Users/wangwen/WebstormProjects/eliet-aeis/node_modules/@esbuild/linux-loong64
39 silly reify mark deleted [
39 silly reify   '/Users/wangwen/WebstormProjects/eliet-aeis/node_modules/@esbuild/linux-loong64'
39 silly reify ]
40 verbose reify failed optional dependency /Users/wangwen/WebstormProjects/eliet-aeis/node_modules/@esbuild/linux-ia32
41 silly reify mark deleted [
41 silly reify   '/Users/wangwen/WebstormProjects/eliet-aeis/node_modules/@esbuild/linux-ia32'
41 silly reify ]
42 verbose reify failed optional dependency /Users/wangwen/WebstormProjects/eliet-aeis/node_modules/@esbuild/linux-arm64
43 silly reify mark deleted [
43 silly reify   '/Users/wangwen/WebstormProjects/eliet-aeis/node_modules/@esbuild/linux-arm64'
43 silly reify ]
44 verbose reify failed optional dependency /Users/wangwen/WebstormProjects/eliet-aeis/node_modules/@esbuild/linux-arm
45 silly reify mark deleted [
45 silly reify   '/Users/wangwen/WebstormProjects/eliet-aeis/node_modules/@esbuild/linux-arm'
45 silly reify ]
46 verbose reify failed optional dependency /Users/wangwen/WebstormProjects/eliet-aeis/node_modules/@esbuild/freebsd-x64
47 silly reify mark deleted [
47 silly reify   '/Users/wangwen/WebstormProjects/eliet-aeis/node_modules/@esbuild/freebsd-x64'
47 silly reify ]
48 verbose reify failed optional dependency /Users/wangwen/WebstormProjects/eliet-aeis/node_modules/@esbuild/freebsd-arm64
49 silly reify mark deleted [
49 silly reify   '/Users/wangwen/WebstormProjects/eliet-aeis/node_modules/@esbuild/freebsd-arm64'
49 silly reify ]
50 verbose reify failed optional dependency /Users/wangwen/WebstormProjects/eliet-aeis/node_modules/@esbuild/android-x64
51 silly reify mark deleted [
51 silly reify   '/Users/wangwen/WebstormProjects/eliet-aeis/node_modules/@esbuild/android-x64'
51 silly reify ]
52 verbose reify failed optional dependency /Users/wangwen/WebstormProjects/eliet-aeis/node_modules/@esbuild/android-arm64
53 silly reify mark deleted [
53 silly reify   '/Users/wangwen/WebstormProjects/eliet-aeis/node_modules/@esbuild/android-arm64'
53 silly reify ]
54 verbose reify failed optional dependency /Users/wangwen/WebstormProjects/eliet-aeis/node_modules/@esbuild/android-arm
55 silly reify mark deleted [
55 silly reify   '/Users/wangwen/WebstormProjects/eliet-aeis/node_modules/@esbuild/android-arm'
55 silly reify ]
56 http fetch GET 200 https://registry.npmmirror.com/npm 177ms
57 http fetch POST 404 https://registry.npmmirror.com/-/npm/v1/security/advisories/bulk 83ms
58 silly audit bulk request failed [object Object]
59 http fetch POST 404 https://registry.npmmirror.com/-/npm/v1/security/audits/quick 15ms
60 verbose audit error HttpErrorGeneral: 404 Not Found - POST https://registry.npmmirror.com/-/npm/v1/security/audits/quick - [NOT_IMPLEMENTED] /-/npm/v1/security/* not implemented yet
60 verbose audit error     at /Users/wangwen/.nvm/versions/node/v22.21.1/lib/node_modules/npm/node_modules/npm-registry-fetch/lib/check-response.js:103:15
60 verbose audit error     at process.processTicksAndRejections (node:internal/process/task_queues:105:5)
60 verbose audit error     at async [getReport] (/Users/wangwen/.nvm/versions/node/v22.21.1/lib/node_modules/npm/node_modules/@npmcli/arborist/lib/audit-report.js:336:21)
60 verbose audit error     at async AuditReport.run (/Users/wangwen/.nvm/versions/node/v22.21.1/lib/node_modules/npm/node_modules/@npmcli/arborist/lib/audit-report.js:106:19)
60 verbose audit error     at async Arborist.reify (/Users/wangwen/.nvm/versions/node/v22.21.1/lib/node_modules/npm/node_modules/@npmcli/arborist/lib/arborist/reify.js:268:24)
60 verbose audit error     at async Install.exec (/Users/wangwen/.nvm/versions/node/v22.21.1/lib/node_modules/npm/lib/commands/install.js:150:5)
60 verbose audit error     at async Npm.exec (/Users/wangwen/.nvm/versions/node/v22.21.1/lib/node_modules/npm/lib/npm.js:207:9)
60 verbose audit error     at async module.exports (/Users/wangwen/.nvm/versions/node/v22.21.1/lib/node_modules/npm/lib/cli/entry.js:74:5) {
60 verbose audit error   headers: [Object: null prototype] {
60 verbose audit error     server: [ 'Tengine' ],
60 verbose audit error     date: [ 'Fri, 14 Nov 2025 00:37:47 GMT' ],
60 verbose audit error     'content-type': [ 'application/json' ],
60 verbose audit error     'transfer-encoding': [ 'chunked' ],
60 verbose audit error     connection: [ 'keep-alive' ],
60 verbose audit error     'strict-transport-security': [ 'max-age=5184000' ],
60 verbose audit error     via: [ 'kunlun6.cn192[,404666]' ],
60 verbose audit error     'timing-allow-origin': [ '*' ],
60 verbose audit error     eagleid: [ '3adad01a17630806670414130e' ],
60 verbose audit error     'x-fetch-attempts': [ '1' ]
60 verbose audit error   },
60 verbose audit error   statusCode: 404,
60 verbose audit error   code: 'E404',
60 verbose audit error   method: 'POST',
60 verbose audit error   uri: 'https://registry.npmmirror.com/-/npm/v1/security/audits/quick',
60 verbose audit error   body: {
60 verbose audit error     error: '[NOT_IMPLEMENTED] /-/npm/v1/security/* not implemented yet'
60 verbose audit error   },
60 verbose audit error   pkgid: undefined
60 verbose audit error }
61 silly audit error [object Object]
62 silly audit report null
63 silly ADD
64 silly ADD
65 silly ADD
66 silly ADD
67 silly ADD
68 silly ADD
69 silly ADD
70 silly ADD
71 silly ADD
72 silly ADD
73 silly ADD
74 silly ADD
75 silly ADD
76 silly ADD
77 silly ADD
78 silly ADD
79 silly ADD
80 silly ADD
81 silly ADD
82 silly ADD
83 verbose cwd /Users/wangwen/WebstormProjects/eliet-aeis
84 verbose os Darwin 25.0.0
85 verbose node v22.21.1
86 verbose npm  v10.9.4
87 notice
87 notice New major version of npm available! 10.9.4 -> 11.6.2
87 notice Changelog: https://github.com/npm/cli/releases/tag/v11.6.2
87 notice To update run: npm install -g npm@11.6.2
87 notice  { force: true, [Symbol(proc-log.meta)]: true }
88 verbose exit 0
89 info ok
